<?xml version="1.0" encoding="UTF-8"?>
<!-- Generated by org.testng.reporters.JUnitReportReporter -->
<testsuite hostname="DESKTOP-OSG43F4" failures="0" tests="1" name="APIChaining.EndToEndTestPhase3" time="5.943" errors="0" timestamp="05 Jun 2022 06:42:02 GMT" skipped="0">
  <testcase classname="APIChaining.EndToEndTestPhase3" name="testall" time="5.943"/>
</testsuite> <!-- APIChaining.EndToEndTestPhase3 -->
